2019/01/04 15:39:15.976	Info	LLORRI_Bios         Starting up session for LUCY L'LORRI, Version: 1.5.012
2019/01/04 15:39:15.993	Info	LLORRI_Bios         ******************************************************
2019/01/04 15:39:15.993	Info	LLORRI_Bios         Loading L'LORRI SCE interface.
2019/01/04 15:39:15.993	Info	LLORRI_Bios         Configuring for SCE mode.
2019/01/04 15:39:15.993	Info	Message             Setting Message Filter: "OKBios", Gseos.MSG_ERROR, "Error reading from pipeOut:*".
2019/01/04 15:39:15.993	Info	OKBios              Initializing device: XEM1
2019/01/04 15:39:15.993	Info	OKBios              Entering device service thread for device: XEM1.
2019/01/04 15:39:17.555	Info	OKBios              Device board model: XEM7310-A200.
2019/01/04 15:39:17.555	Info	OKBios              Setting transfer size to: 16 bytes.
2019/01/04 15:39:17.555	Info	OKBios              Device: XEM1 (Opal Kelly XEM7310) configured. No bit file loaded.
2019/01/04 15:39:17.555	Error	LLORRI Command      Major Frame skip detected. Expected major frame: 0. Current major frame: 79. Resetting expected major frame to 79.
2019/01/04 15:39:20.180	Info	LLORRI_Bios         SCE detected to be running...
2019/01/04 15:39:20.180	Info	LLORRI_Bios         Instrument power switch detected to be off.
2019/01/04 15:39:20.180	Info	LLORRI_Bios         Resetting FPGA with bitfile: Instruments/LLORRI/top_level_mini.bit...
2019/01/04 15:39:20.180	Info	LLORRI_Bios         Resetting SCE FPGA.
2019/01/04 15:39:20.257	Info	LLORRI_Bios             Configuring UART: (115200, o, 1).
2019/01/04 15:39:20.257	Info	LLORRI_Bios             Configuring minor frame count: 50.
2019/01/04 15:39:20.257	Info	LLORRI_Bios             Configuring minor frame time: 20 ms.
2019/01/04 15:39:20.257	Info	LLORRI_Bios             Configuring analog update time: 1000 ms.
2019/01/04 15:39:20.257	Info	LLORRI_Bios             Configuring instrument voltage limits: 0.00 .. 33.00 V.
2019/01/04 15:39:20.257	Info	LLORRI_Bios             Configuring instrument current limits: 0.000 .. 2.000 A.
2019/01/04 15:39:20.257	Info	LLORRI_Bios             Configuring aux voltage limits: 0.00 .. 33.00 V.
2019/01/04 15:39:20.257	Info	LLORRI_Bios             Configuring aux current limits: 0.000 .. 2.000 A.
2019/01/04 15:39:20.257	Info	LLORRI_Bios         SCE configuration completed.
2019/01/04 15:39:20.257	Info	LLORRI_Bios         Starting TLM data acquisition.
2019/01/04 15:39:20.257	Info	Message             Removing Message Filter: "OKBios", Gseos.MSG_ERROR, "Error reading from pipeOut:*".
2019/01/04 15:39:20.257	Info	Version             
2019/01/04 15:39:20.257	Info	Version             Version Control Information
2019/01/04 15:39:20.257	Info	Version             ----------------------------------------------------------------------
2019/01/04 15:39:20.257	Info	Version             GSEOS:         7.1.1150
2019/01/04 15:39:20.257	Info	Version             Python:        2.7.12 (default, Sep  8 2016, 19:20:19) [MSC v.1500 32 bit (Intel)]
2019/01/04 15:39:20.257	Info	Version             ExcelLoad:     3.0.086
2019/01/04 15:39:20.257	Info	Version             LUCY L'LORRI:  1.5.012
2019/01/04 15:39:20.257	Info	Version             
2019/01/04 15:39:20.257	Info	Version             Spreadsheet Version Information
2019/01/04 15:39:20.257	Info	Version             ----------------------------------------------------------------------
2019/01/04 15:39:20.257	Info	Version             ----------------------------------------------------------------------
2019/01/04 15:39:20.257	Info	Version             
2019/01/04 15:39:20.257	Info	OKBios              Device: XEM1 (Opal Kelly XEM7310) configured using bit file: Instruments/LLORRI/top_level_mini.bit.
2019/01/04 15:39:20.257	Info	LLORRI Command      Command issued: SCE_CONFIG_UART(115200, o, 1)
2019/01/04 15:39:20.273	Info	LLORRI Command      Command issued: SCE_CONFIG_MINOR_FRAME_CNT(50)
2019/01/04 15:39:20.273	Info	LLORRI Command      Command issued: SCE_CONFIG_MINOR_FRAME_TIME(20)
2019/01/04 15:39:20.273	Info	LLORRI Command      Command issued: SCE_CTRL_SET_ANALOG_UPDATE_TIME(1000)
2019/01/04 15:39:20.273	Info	LLORRI Command      Command issued: SCE_CTRL_SET_VOLTAGE_LIMIT(INSTR, HIGH, 33.000000)
2019/01/04 15:39:20.273	Info	LLORRI Command      Command issued: SCE_CTRL_SET_VOLTAGE_LIMIT(INSTR, LOW, 0.000000)
2019/01/04 15:39:20.305	Info	LLORRI Command      Command issued: SCE_CTRL_SET_CURRENT_LIMIT(INSTR, HIGH, 2.000000)
2019/01/04 15:39:20.305	Info	LLORRI Command      Command issued: SCE_CTRL_SET_CURRENT_LIMIT(INSTR, LOW, 0.000000)
2019/01/04 15:39:20.305	Info	LLORRI Command      Command issued: SCE_CTRL_SET_VOLTAGE_LIMIT(AUX, HIGH, 33.000000)
2019/01/04 15:39:20.305	Info	LLORRI Command      Command issued: SCE_CTRL_SET_VOLTAGE_LIMIT(AUX, LOW, 0.000000)
2019/01/04 15:39:20.305	Info	LLORRI Command      Command issued: SCE_CTRL_SET_CURRENT_LIMIT(AUX, HIGH, 2.000000)
2019/01/04 15:39:20.305	Info	LLORRI Command      Command issued: SCE_CTRL_SET_CURRENT_LIMIT(AUX, LOW, 0.000000)
2019/01/04 15:39:20.305	Info	LLORRI Command      Command issued: SCE_CONFIG_START_ACQUISITION()
2019/01/04 15:39:20.305	Info	SCE                 Bitfile version number 004
2019/01/04 15:39:20.305	Info	SCE                 cmd baud=115200 par=O stop=1
2019/01/04 15:39:21.319	Info	SCE                 Minor Frame Time set to 20 ms
2019/01/04 15:39:21.444	Info	SCE                 Acquisition started
2019/01/04 15:39:22.444	Error	LLORRI Command      Major Frame skip detected. Expected major frame: 91. Current major frame: 1. Resetting expected major frame to 1.
